0 info it worked if it ends with ok
1 verbose cli [ 'C:\\Program Files\\nodejs\\node.exe',
1 verbose cli   'C:\\Program Files\\nodejs\\node_modules\\npm\\bin\\npm-cli.js',
1 verbose cli   'install',
1 verbose cli   '--save',
1 verbose cli   'angular-lazy-img' ]
2 info using npm@2.15.1
3 info using node@v4.4.4
4 verbose install initial load of C:\Users\Creation\Code\wakami\package.json
5 verbose installManyTop reading scoped package data from C:\Users\Creation\Code\wakami\node_modules\angular\package.json
6 verbose installManyTop reading scoped package data from C:\Users\Creation\Code\wakami\node_modules\angular-animate\package.json
7 verbose installManyTop reading scoped package data from C:\Users\Creation\Code\wakami\node_modules\angular-cookies\package.json
8 verbose installManyTop reading scoped package data from C:\Users\Creation\Code\wakami\node_modules\angular-moment\package.json
9 verbose installManyTop reading scoped package data from C:\Users\Creation\Code\wakami\node_modules\angular-resource\package.json
10 verbose installManyTop reading scoped package data from C:\Users\Creation\Code\wakami\node_modules\angular-route\package.json
11 verbose installManyTop reading scoped package data from C:\Users\Creation\Code\wakami\node_modules\angular-sanitize\package.json
12 verbose installManyTop reading scoped package data from C:\Users\Creation\Code\wakami\node_modules\angular-touch\package.json
13 verbose installManyTop reading scoped package data from C:\Users\Creation\Code\wakami\node_modules\angular-ui-bootstrap\package.json
14 verbose installManyTop reading scoped package data from C:\Users\Creation\Code\wakami\node_modules\angular-ui-select\package.json
15 verbose installManyTop reading scoped package data from C:\Users\Creation\Code\wakami\node_modules\bootstrap-sass\package.json
16 verbose installManyTop reading scoped package data from C:\Users\Creation\Code\wakami\node_modules\gulp\package.json
17 verbose installManyTop reading scoped package data from C:\Users\Creation\Code\wakami\node_modules\laravel-elixir\package.json
18 verbose installManyTop reading scoped package data from C:\Users\Creation\Code\wakami\node_modules\moment\package.json
19 verbose installManyTop reading scoped package data from C:\Users\Creation\Code\wakami\node_modules\moment-timezone\package.json
20 verbose installManyTop reading scoped package data from C:\Users\Creation\Code\wakami\node_modules\nya-bootstrap-select\package.json
21 verbose installManyTop reading scoped package data from C:\Users\Creation\Code\wakami\node_modules\ui-select\package.json
22 verbose installManyTop reading scoped package data from C:\Users\Creation\Code\wakami\node_modules\vue\package.json
23 verbose installManyTop reading scoped package data from C:\Users\Creation\Code\wakami\node_modules\vue-resource\package.json
24 info package.json angular-ui-bootstrap@2.0.0 No README data
25 info package.json nya-bootstrap-select@2.0.11 No license field.
26 info package.json vue@1.0.26 No README data
27 verbose readDependencies loading dependencies from C:\Users\Creation\Code\wakami\package.json
28 silly cache add args [ 'angular-lazy-img', null ]
29 verbose cache add spec angular-lazy-img
30 silly cache add parsed spec Result {
30 silly cache add   raw: 'angular-lazy-img',
30 silly cache add   scope: null,
30 silly cache add   name: 'angular-lazy-img',
30 silly cache add   rawSpec: '',
30 silly cache add   spec: 'latest',
30 silly cache add   type: 'tag' }
31 silly addNamed angular-lazy-img@latest
32 verbose addNamed "latest" is being treated as a dist-tag for angular-lazy-img
33 info addNameTag [ 'angular-lazy-img', 'latest' ]
34 silly mapToRegistry name angular-lazy-img
35 silly mapToRegistry using default registry
36 silly mapToRegistry registry https://registry.npmjs.org/
37 silly mapToRegistry data Result {
37 silly mapToRegistry   raw: 'angular-lazy-img',
37 silly mapToRegistry   scope: null,
37 silly mapToRegistry   name: 'angular-lazy-img',
37 silly mapToRegistry   rawSpec: '',
37 silly mapToRegistry   spec: 'latest',
37 silly mapToRegistry   type: 'tag' }
38 silly mapToRegistry uri https://registry.npmjs.org/angular-lazy-img
39 verbose addNameTag registry:https://registry.npmjs.org/angular-lazy-img not in flight; fetching
40 verbose request uri https://registry.npmjs.org/angular-lazy-img
41 verbose request no auth needed
42 info attempt registry request try #1 at 11:33:59
43 verbose request id e8e41cfcc0b1ceea
44 http request GET https://registry.npmjs.org/angular-lazy-img
45 http 404 https://registry.npmjs.org/angular-lazy-img
46 verbose headers { 'content-type': 'application/json',
46 verbose headers   'cache-control': 'max-age=0',
46 verbose headers   'content-length': '2',
46 verbose headers   'accept-ranges': 'bytes',
46 verbose headers   date: 'Fri, 16 Sep 2016 17:34:08 GMT',
46 verbose headers   via: '1.1 varnish',
46 verbose headers   age: '0',
46 verbose headers   connection: 'keep-alive',
46 verbose headers   'x-served-by': 'cache-mia1323-MIA',
46 verbose headers   'x-cache': 'MISS',
46 verbose headers   'x-cache-hits': '0',
46 verbose headers   'x-timer': 'S1474047247.979570,VS0,VE106',
46 verbose headers   vary: 'Accept-Encoding' }
47 silly get cb [ 404,
47 silly get   { 'content-type': 'application/json',
47 silly get     'cache-control': 'max-age=0',
47 silly get     'content-length': '2',
47 silly get     'accept-ranges': 'bytes',
47 silly get     date: 'Fri, 16 Sep 2016 17:34:08 GMT',
47 silly get     via: '1.1 varnish',
47 silly get     age: '0',
47 silly get     connection: 'keep-alive',
47 silly get     'x-served-by': 'cache-mia1323-MIA',
47 silly get     'x-cache': 'MISS',
47 silly get     'x-cache-hits': '0',
47 silly get     'x-timer': 'S1474047247.979570,VS0,VE106',
47 silly get     vary: 'Accept-Encoding' } ]
48 verbose stack Error: Registry returned 404 for GET on https://registry.npmjs.org/angular-lazy-img
48 verbose stack     at makeError (C:\Program Files\nodejs\node_modules\npm\node_modules\npm-registry-client\lib\request.js:264:12)
48 verbose stack     at CachingRegistryClient.<anonymous> (C:\Program Files\nodejs\node_modules\npm\node_modules\npm-registry-client\lib\request.js:242:14)
48 verbose stack     at Request._callback (C:\Program Files\nodejs\node_modules\npm\node_modules\npm-registry-client\lib\request.js:172:14)
48 verbose stack     at Request.self.callback (C:\Program Files\nodejs\node_modules\npm\node_modules\request\request.js:199:22)
48 verbose stack     at emitTwo (events.js:87:13)
48 verbose stack     at Request.emit (events.js:172:7)
48 verbose stack     at Request.<anonymous> (C:\Program Files\nodejs\node_modules\npm\node_modules\request\request.js:1036:10)
48 verbose stack     at emitOne (events.js:82:20)
48 verbose stack     at Request.emit (events.js:169:7)
48 verbose stack     at IncomingMessage.<anonymous> (C:\Program Files\nodejs\node_modules\npm\node_modules\request\request.js:963:12)
49 verbose statusCode 404
50 verbose pkgid angular-lazy-img
51 verbose cwd C:\Users\Creation\Code\wakami
52 error Windows_NT 10.0.10586
53 error argv "C:\\Program Files\\nodejs\\node.exe" "C:\\Program Files\\nodejs\\node_modules\\npm\\bin\\npm-cli.js" "install" "--save" "angular-lazy-img"
54 error node v4.4.4
55 error npm  v2.15.1
56 error code E404
57 error 404 Registry returned 404 for GET on https://registry.npmjs.org/angular-lazy-img
57 error 404
57 error 404 'angular-lazy-img' is not in the npm registry.
57 error 404 You should bug the author to publish it (or use the name yourself!)
57 error 404
57 error 404 Note that you can also install from a
57 error 404 tarball, folder, http url, or git url.
58 verbose exit [ 1, true ]
